time=2026-01-09T21:22:12.565-05:00 level=INFO msg="Daemon started (interval: %v, auto-commit: %v, auto-push: %v)" !BADKEY=5s !BADKEY=false !BADKEY=false
time=2026-01-09T21:22:12.565-05:00 level=INFO msg="using database" path=/data/projects/meow-machine/.beads/beads.db
time=2026-01-09T21:22:12.585-05:00 level=INFO msg="database opened" path=/data/projects/meow-machine/.beads/beads.db freshness_checking=true
time=2026-01-09T21:22:12.585-05:00 level=INFO msg="upgrading .beads/.gitignore"
time=2026-01-09T21:22:12.585-05:00 level=WARN msg="failed to upgrade .gitignore" error="open .beads/.gitignore: no such file or directory"
time=2026-01-09T21:22:12.585-05:00 level=ERROR msg="repository fingerprint validation failed" error="\nLEGACY DATABASE DETECTED!\n\nThis database was created before version 0.17.5 and lacks a repository fingerprint.\nTo continue using this database, you must explicitly set its repository ID:\n\n  bd migrate --update-repo-id\n\nThis ensures the database is bound to this repository and prevents accidental\ndatabase sharing between different repositories.\n\nIf this is a fresh clone, run:\n  rm -rf .beads && bd init\n\nNote: Auto-claiming legacy databases is intentionally disabled to prevent\nsilent corruption when databases are copied between repositories.\n"
time=2026-01-09T21:22:23.565-05:00 level=INFO msg="Daemon started (interval: %v, auto-commit: %v, auto-push: %v)" !BADKEY=5s !BADKEY=false !BADKEY=false
time=2026-01-09T21:22:23.565-05:00 level=INFO msg="using database" path=/data/projects/meow-machine/.beads/beads.db
time=2026-01-09T21:22:23.588-05:00 level=INFO msg="database opened" path=/data/projects/meow-machine/.beads/beads.db freshness_checking=true
time=2026-01-09T21:22:23.588-05:00 level=INFO msg="upgrading .beads/.gitignore"
time=2026-01-09T21:22:23.588-05:00 level=WARN msg="failed to upgrade .gitignore" error="open .beads/.gitignore: no such file or directory"
time=2026-01-09T21:22:23.588-05:00 level=ERROR msg="repository fingerprint validation failed" error="\nLEGACY DATABASE DETECTED!\n\nThis database was created before version 0.17.5 and lacks a repository fingerprint.\nTo continue using this database, you must explicitly set its repository ID:\n\n  bd migrate --update-repo-id\n\nThis ensures the database is bound to this repository and prevents accidental\ndatabase sharing between different repositories.\n\nIf this is a fresh clone, run:\n  rm -rf .beads && bd init\n\nNote: Auto-claiming legacy databases is intentionally disabled to prevent\nsilent corruption when databases are copied between repositories.\n"
time=2026-01-12T15:31:21.646-05:00 level=INFO msg="Daemon started (interval: %v, auto-commit: %v, auto-push: %v)" !BADKEY=5s !BADKEY=false !BADKEY=false
time=2026-01-12T15:31:21.646-05:00 level=INFO msg="using database" path=/data/projects/meow-machine/.beads/beads.db
time=2026-01-12T15:31:21.673-05:00 level=INFO msg="database opened" path=/data/projects/meow-machine/.beads/beads.db freshness_checking=true
time=2026-01-12T15:31:21.673-05:00 level=INFO msg="upgrading .beads/.gitignore"
time=2026-01-12T15:31:21.673-05:00 level=WARN msg="failed to upgrade .gitignore" error="open .beads/.gitignore: no such file or directory"
time=2026-01-12T15:31:21.673-05:00 level=ERROR msg="repository fingerprint validation failed" error="\nLEGACY DATABASE DETECTED!\n\nThis database was created before version 0.17.5 and lacks a repository fingerprint.\nTo continue using this database, you must explicitly set its repository ID:\n\n  bd migrate --update-repo-id\n\nThis ensures the database is bound to this repository and prevents accidental\ndatabase sharing between different repositories.\n\nIf this is a fresh clone, run:\n  rm -rf .beads && bd init\n\nNote: Auto-claiming legacy databases is intentionally disabled to prevent\nsilent corruption when databases are copied between repositories.\n"
time=2026-01-12T19:08:20.302-05:00 level=INFO msg="Daemon started (interval: %v, auto-commit: %v, auto-push: %v)" !BADKEY=5s !BADKEY=false !BADKEY=false
time=2026-01-12T19:08:20.302-05:00 level=INFO msg="using database" path=/data/projects/meow-machine/.beads/beads.db
time=2026-01-12T19:08:20.326-05:00 level=INFO msg="database opened" path=/data/projects/meow-machine/.beads/beads.db freshness_checking=true
time=2026-01-12T19:08:20.326-05:00 level=INFO msg="upgrading .beads/.gitignore"
time=2026-01-12T19:08:20.326-05:00 level=WARN msg="failed to upgrade .gitignore" error="open .beads/.gitignore: no such file or directory"
time=2026-01-12T19:08:20.326-05:00 level=ERROR msg="repository fingerprint validation failed" error="\nLEGACY DATABASE DETECTED!\n\nThis database was created before version 0.17.5 and lacks a repository fingerprint.\nTo continue using this database, you must explicitly set its repository ID:\n\n  bd migrate --update-repo-id\n\nThis ensures the database is bound to this repository and prevents accidental\ndatabase sharing between different repositories.\n\nIf this is a fresh clone, run:\n  rm -rf .beads && bd init\n\nNote: Auto-claiming legacy databases is intentionally disabled to prevent\nsilent corruption when databases are copied between repositories.\n"
time=2026-01-12T19:08:21.295-05:00 level=INFO msg="Daemon started (interval: %v, auto-commit: %v, auto-push: %v)" !BADKEY=5s !BADKEY=false !BADKEY=false
time=2026-01-12T19:08:21.295-05:00 level=INFO msg="using database" path=/data/projects/meow-machine/.beads/beads.db
time=2026-01-12T19:08:21.318-05:00 level=INFO msg="database opened" path=/data/projects/meow-machine/.beads/beads.db freshness_checking=true
time=2026-01-12T19:08:21.318-05:00 level=INFO msg="upgrading .beads/.gitignore"
time=2026-01-12T19:08:21.318-05:00 level=WARN msg="failed to upgrade .gitignore" error="open .beads/.gitignore: no such file or directory"
time=2026-01-12T19:08:21.318-05:00 level=ERROR msg="repository fingerprint validation failed" error="\nLEGACY DATABASE DETECTED!\n\nThis database was created before version 0.17.5 and lacks a repository fingerprint.\nTo continue using this database, you must explicitly set its repository ID:\n\n  bd migrate --update-repo-id\n\nThis ensures the database is bound to this repository and prevents accidental\ndatabase sharing between different repositories.\n\nIf this is a fresh clone, run:\n  rm -rf .beads && bd init\n\nNote: Auto-claiming legacy databases is intentionally disabled to prevent\nsilent corruption when databases are copied between repositories.\n"
time=2026-01-12T19:08:22.915-05:00 level=INFO msg="Daemon started (interval: %v, auto-commit: %v, auto-push: %v)" !BADKEY=5s !BADKEY=false !BADKEY=false
time=2026-01-12T19:08:22.915-05:00 level=INFO msg="using database" path=/data/projects/meow-machine/.beads/beads.db
time=2026-01-12T19:08:22.938-05:00 level=INFO msg="database opened" path=/data/projects/meow-machine/.beads/beads.db freshness_checking=true
time=2026-01-12T19:08:22.938-05:00 level=INFO msg="upgrading .beads/.gitignore"
time=2026-01-12T19:08:22.938-05:00 level=WARN msg="failed to upgrade .gitignore" error="open .beads/.gitignore: no such file or directory"
time=2026-01-12T19:08:22.938-05:00 level=ERROR msg="repository fingerprint validation failed" error="\nLEGACY DATABASE DETECTED!\n\nThis database was created before version 0.17.5 and lacks a repository fingerprint.\nTo continue using this database, you must explicitly set its repository ID:\n\n  bd migrate --update-repo-id\n\nThis ensures the database is bound to this repository and prevents accidental\ndatabase sharing between different repositories.\n\nIf this is a fresh clone, run:\n  rm -rf .beads && bd init\n\nNote: Auto-claiming legacy databases is intentionally disabled to prevent\nsilent corruption when databases are copied between repositories.\n"
time=2026-01-12T19:08:25.471-05:00 level=INFO msg="Daemon started (interval: %v, auto-commit: %v, auto-push: %v)" !BADKEY=5s !BADKEY=false !BADKEY=false
time=2026-01-12T19:08:25.471-05:00 level=INFO msg="using database" path=/data/projects/meow-machine/.beads/beads.db
time=2026-01-12T19:08:25.495-05:00 level=INFO msg="database opened" path=/data/projects/meow-machine/.beads/beads.db freshness_checking=true
time=2026-01-12T19:08:25.495-05:00 level=INFO msg="upgrading .beads/.gitignore"
time=2026-01-12T19:08:25.495-05:00 level=WARN msg="failed to upgrade .gitignore" error="open .beads/.gitignore: no such file or directory"
time=2026-01-12T19:08:25.496-05:00 level=ERROR msg="repository fingerprint validation failed" error="\nLEGACY DATABASE DETECTED!\n\nThis database was created before version 0.17.5 and lacks a repository fingerprint.\nTo continue using this database, you must explicitly set its repository ID:\n\n  bd migrate --update-repo-id\n\nThis ensures the database is bound to this repository and prevents accidental\ndatabase sharing between different repositories.\n\nIf this is a fresh clone, run:\n  rm -rf .beads && bd init\n\nNote: Auto-claiming legacy databases is intentionally disabled to prevent\nsilent corruption when databases are copied between repositories.\n"
time=2026-01-12T19:08:26.061-05:00 level=INFO msg="Daemon started (interval: %v, auto-commit: %v, auto-push: %v)" !BADKEY=5s !BADKEY=false !BADKEY=false
time=2026-01-12T19:08:26.061-05:00 level=INFO msg="using database" path=/data/projects/meow-machine/.beads/beads.db
time=2026-01-12T19:08:26.096-05:00 level=INFO msg="database opened" path=/data/projects/meow-machine/.beads/beads.db freshness_checking=true
time=2026-01-12T19:08:26.096-05:00 level=INFO msg="upgrading .beads/.gitignore"
time=2026-01-12T19:08:26.096-05:00 level=WARN msg="failed to upgrade .gitignore" error="open .beads/.gitignore: no such file or directory"
time=2026-01-12T19:08:26.096-05:00 level=ERROR msg="repository fingerprint validation failed" error="\nLEGACY DATABASE DETECTED!\n\nThis database was created before version 0.17.5 and lacks a repository fingerprint.\nTo continue using this database, you must explicitly set its repository ID:\n\n  bd migrate --update-repo-id\n\nThis ensures the database is bound to this repository and prevents accidental\ndatabase sharing between different repositories.\n\nIf this is a fresh clone, run:\n  rm -rf .beads && bd init\n\nNote: Auto-claiming legacy databases is intentionally disabled to prevent\nsilent corruption when databases are copied between repositories.\n"
time=2026-01-12T19:08:27.135-05:00 level=INFO msg="Daemon started (interval: %v, auto-commit: %v, auto-push: %v)" !BADKEY=5s !BADKEY=false !BADKEY=false
time=2026-01-12T19:08:27.135-05:00 level=INFO msg="using database" path=/data/projects/meow-machine/.beads/beads.db
time=2026-01-12T19:08:27.160-05:00 level=INFO msg="database opened" path=/data/projects/meow-machine/.beads/beads.db freshness_checking=true
time=2026-01-12T19:08:27.160-05:00 level=INFO msg="upgrading .beads/.gitignore"
time=2026-01-12T19:08:27.160-05:00 level=WARN msg="failed to upgrade .gitignore" error="open .beads/.gitignore: no such file or directory"
time=2026-01-12T19:08:27.160-05:00 level=ERROR msg="repository fingerprint validation failed" error="\nLEGACY DATABASE DETECTED!\n\nThis database was created before version 0.17.5 and lacks a repository fingerprint.\nTo continue using this database, you must explicitly set its repository ID:\n\n  bd migrate --update-repo-id\n\nThis ensures the database is bound to this repository and prevents accidental\ndatabase sharing between different repositories.\n\nIf this is a fresh clone, run:\n  rm -rf .beads && bd init\n\nNote: Auto-claiming legacy databases is intentionally disabled to prevent\nsilent corruption when databases are copied between repositories.\n"
time=2026-01-12T19:08:28.811-05:00 level=INFO msg="Daemon started (interval: %v, auto-commit: %v, auto-push: %v)" !BADKEY=5s !BADKEY=false !BADKEY=false
time=2026-01-12T19:08:28.811-05:00 level=INFO msg="using database" path=/data/projects/meow-machine/.beads/beads.db
time=2026-01-12T19:08:28.838-05:00 level=INFO msg="database opened" path=/data/projects/meow-machine/.beads/beads.db freshness_checking=true
time=2026-01-12T19:08:28.838-05:00 level=INFO msg="upgrading .beads/.gitignore"
time=2026-01-12T19:08:28.838-05:00 level=WARN msg="failed to upgrade .gitignore" error="open .beads/.gitignore: no such file or directory"
time=2026-01-12T19:08:28.838-05:00 level=ERROR msg="repository fingerprint validation failed" error="\nLEGACY DATABASE DETECTED!\n\nThis database was created before version 0.17.5 and lacks a repository fingerprint.\nTo continue using this database, you must explicitly set its repository ID:\n\n  bd migrate --update-repo-id\n\nThis ensures the database is bound to this repository and prevents accidental\ndatabase sharing between different repositories.\n\nIf this is a fresh clone, run:\n  rm -rf .beads && bd init\n\nNote: Auto-claiming legacy databases is intentionally disabled to prevent\nsilent corruption when databases are copied between repositories.\n"
time=2026-01-12T19:08:31.383-05:00 level=INFO msg="Daemon started (interval: %v, auto-commit: %v, auto-push: %v)" !BADKEY=5s !BADKEY=false !BADKEY=false
time=2026-01-12T19:08:31.383-05:00 level=INFO msg="using database" path=/data/projects/meow-machine/.beads/beads.db
time=2026-01-12T19:08:31.406-05:00 level=INFO msg="database opened" path=/data/projects/meow-machine/.beads/beads.db freshness_checking=true
time=2026-01-12T19:08:31.407-05:00 level=INFO msg="upgrading .beads/.gitignore"
time=2026-01-12T19:08:31.407-05:00 level=WARN msg="failed to upgrade .gitignore" error="open .beads/.gitignore: no such file or directory"
time=2026-01-12T19:08:31.407-05:00 level=ERROR msg="repository fingerprint validation failed" error="\nLEGACY DATABASE DETECTED!\n\nThis database was created before version 0.17.5 and lacks a repository fingerprint.\nTo continue using this database, you must explicitly set its repository ID:\n\n  bd migrate --update-repo-id\n\nThis ensures the database is bound to this repository and prevents accidental\ndatabase sharing between different repositories.\n\nIf this is a fresh clone, run:\n  rm -rf .beads && bd init\n\nNote: Auto-claiming legacy databases is intentionally disabled to prevent\nsilent corruption when databases are copied between repositories.\n"
time=2026-01-12T19:08:31.792-05:00 level=INFO msg="Daemon started (interval: %v, auto-commit: %v, auto-push: %v)" !BADKEY=5s !BADKEY=false !BADKEY=false
time=2026-01-12T19:08:31.793-05:00 level=INFO msg="using database" path=/data/projects/meow-machine/.beads/beads.db
time=2026-01-12T19:08:31.818-05:00 level=INFO msg="database opened" path=/data/projects/meow-machine/.beads/beads.db freshness_checking=true
time=2026-01-12T19:08:31.818-05:00 level=INFO msg="upgrading .beads/.gitignore"
time=2026-01-12T19:08:31.818-05:00 level=WARN msg="failed to upgrade .gitignore" error="open .beads/.gitignore: no such file or directory"
time=2026-01-12T19:08:31.818-05:00 level=ERROR msg="repository fingerprint validation failed" error="\nLEGACY DATABASE DETECTED!\n\nThis database was created before version 0.17.5 and lacks a repository fingerprint.\nTo continue using this database, you must explicitly set its repository ID:\n\n  bd migrate --update-repo-id\n\nThis ensures the database is bound to this repository and prevents accidental\ndatabase sharing between different repositories.\n\nIf this is a fresh clone, run:\n  rm -rf .beads && bd init\n\nNote: Auto-claiming legacy databases is intentionally disabled to prevent\nsilent corruption when databases are copied between repositories.\n"
time=2026-01-12T19:08:37.385-05:00 level=INFO msg="Daemon started (interval: %v, auto-commit: %v, auto-push: %v)" !BADKEY=5s !BADKEY=false !BADKEY=false
time=2026-01-12T19:08:37.385-05:00 level=INFO msg="using database" path=/data/projects/meow-machine/.beads/beads.db
time=2026-01-12T19:08:37.408-05:00 level=INFO msg="database opened" path=/data/projects/meow-machine/.beads/beads.db freshness_checking=true
time=2026-01-12T19:08:37.408-05:00 level=INFO msg="upgrading .beads/.gitignore"
time=2026-01-12T19:08:37.408-05:00 level=WARN msg="failed to upgrade .gitignore" error="open .beads/.gitignore: no such file or directory"
time=2026-01-12T19:08:37.409-05:00 level=ERROR msg="repository fingerprint validation failed" error="\nLEGACY DATABASE DETECTED!\n\nThis database was created before version 0.17.5 and lacks a repository fingerprint.\nTo continue using this database, you must explicitly set its repository ID:\n\n  bd migrate --update-repo-id\n\nThis ensures the database is bound to this repository and prevents accidental\ndatabase sharing between different repositories.\n\nIf this is a fresh clone, run:\n  rm -rf .beads && bd init\n\nNote: Auto-claiming legacy databases is intentionally disabled to prevent\nsilent corruption when databases are copied between repositories.\n"
time=2026-01-12T19:11:30.662-05:00 level=INFO msg="Daemon started (interval: %v, auto-commit: %v, auto-push: %v)" !BADKEY=5s !BADKEY=false !BADKEY=false
time=2026-01-12T19:11:30.663-05:00 level=INFO msg="using database" path=/data/projects/meow-machine/.beads/beads.db
time=2026-01-12T19:11:30.693-05:00 level=INFO msg="database opened" path=/data/projects/meow-machine/.beads/beads.db freshness_checking=true
time=2026-01-12T19:11:30.693-05:00 level=INFO msg="upgrading .beads/.gitignore"
time=2026-01-12T19:11:30.693-05:00 level=WARN msg="failed to upgrade .gitignore" error="open .beads/.gitignore: no such file or directory"
time=2026-01-12T19:11:30.693-05:00 level=ERROR msg="repository fingerprint validation failed" error="\nLEGACY DATABASE DETECTED!\n\nThis database was created before version 0.17.5 and lacks a repository fingerprint.\nTo continue using this database, you must explicitly set its repository ID:\n\n  bd migrate --update-repo-id\n\nThis ensures the database is bound to this repository and prevents accidental\ndatabase sharing between different repositories.\n\nIf this is a fresh clone, run:\n  rm -rf .beads && bd init\n\nNote: Auto-claiming legacy databases is intentionally disabled to prevent\nsilent corruption when databases are copied between repositories.\n"
time=2026-01-12T19:13:43.001-05:00 level=INFO msg="Daemon started (interval: %v, auto-commit: %v, auto-push: %v)" !BADKEY=5s !BADKEY=false !BADKEY=false
time=2026-01-12T19:13:43.001-05:00 level=INFO msg="using database" path=/data/projects/meow-machine/.beads/beads.db
time=2026-01-12T19:13:43.028-05:00 level=INFO msg="database opened" path=/data/projects/meow-machine/.beads/beads.db freshness_checking=true
time=2026-01-12T19:13:43.028-05:00 level=INFO msg="upgrading .beads/.gitignore"
time=2026-01-12T19:13:43.029-05:00 level=WARN msg="failed to upgrade .gitignore" error="open .beads/.gitignore: no such file or directory"
time=2026-01-12T19:13:43.029-05:00 level=ERROR msg="repository fingerprint validation failed" error="\nLEGACY DATABASE DETECTED!\n\nThis database was created before version 0.17.5 and lacks a repository fingerprint.\nTo continue using this database, you must explicitly set its repository ID:\n\n  bd migrate --update-repo-id\n\nThis ensures the database is bound to this repository and prevents accidental\ndatabase sharing between different repositories.\n\nIf this is a fresh clone, run:\n  rm -rf .beads && bd init\n\nNote: Auto-claiming legacy databases is intentionally disabled to prevent\nsilent corruption when databases are copied between repositories.\n"
time=2026-01-12T19:14:43.478-05:00 level=INFO msg="Daemon started (interval: %v, auto-commit: %v, auto-push: %v)" !BADKEY=5s !BADKEY=false !BADKEY=false
time=2026-01-12T19:14:43.478-05:00 level=INFO msg="using database" path=/data/projects/meow-machine/.beads/beads.db
time=2026-01-12T19:14:43.503-05:00 level=INFO msg="database opened" path=/data/projects/meow-machine/.beads/beads.db freshness_checking=true
time=2026-01-12T19:14:43.503-05:00 level=INFO msg="upgrading .beads/.gitignore"
time=2026-01-12T19:14:43.503-05:00 level=WARN msg="failed to upgrade .gitignore" error="open .beads/.gitignore: no such file or directory"
time=2026-01-12T19:14:43.503-05:00 level=ERROR msg="repository fingerprint validation failed" error="\nLEGACY DATABASE DETECTED!\n\nThis database was created before version 0.17.5 and lacks a repository fingerprint.\nTo continue using this database, you must explicitly set its repository ID:\n\n  bd migrate --update-repo-id\n\nThis ensures the database is bound to this repository and prevents accidental\ndatabase sharing between different repositories.\n\nIf this is a fresh clone, run:\n  rm -rf .beads && bd init\n\nNote: Auto-claiming legacy databases is intentionally disabled to prevent\nsilent corruption when databases are copied between repositories.\n"
time=2026-01-12T19:16:38.365-05:00 level=INFO msg="Daemon started (interval: %v, auto-commit: %v, auto-push: %v)" !BADKEY=5s !BADKEY=false !BADKEY=false
time=2026-01-12T19:16:38.365-05:00 level=INFO msg="using database" path=/data/projects/meow-machine/.beads/beads.db
time=2026-01-12T19:16:38.390-05:00 level=INFO msg="database opened" path=/data/projects/meow-machine/.beads/beads.db freshness_checking=true
time=2026-01-12T19:16:38.390-05:00 level=INFO msg="upgrading .beads/.gitignore"
time=2026-01-12T19:16:38.390-05:00 level=WARN msg="failed to upgrade .gitignore" error="open .beads/.gitignore: no such file or directory"
time=2026-01-12T19:16:38.390-05:00 level=ERROR msg="repository fingerprint validation failed" error="\nLEGACY DATABASE DETECTED!\n\nThis database was created before version 0.17.5 and lacks a repository fingerprint.\nTo continue using this database, you must explicitly set its repository ID:\n\n  bd migrate --update-repo-id\n\nThis ensures the database is bound to this repository and prevents accidental\ndatabase sharing between different repositories.\n\nIf this is a fresh clone, run:\n  rm -rf .beads && bd init\n\nNote: Auto-claiming legacy databases is intentionally disabled to prevent\nsilent corruption when databases are copied between repositories.\n"
time=2026-01-12T19:19:15.515-05:00 level=INFO msg="Daemon started (interval: %v, auto-commit: %v, auto-push: %v)" !BADKEY=5s !BADKEY=false !BADKEY=false
time=2026-01-12T19:19:15.515-05:00 level=INFO msg="using database" path=/data/projects/meow-machine/.beads/beads.db
time=2026-01-12T19:19:15.542-05:00 level=INFO msg="database opened" path=/data/projects/meow-machine/.beads/beads.db freshness_checking=true
time=2026-01-12T19:19:15.542-05:00 level=INFO msg="upgrading .beads/.gitignore"
time=2026-01-12T19:19:15.542-05:00 level=WARN msg="failed to upgrade .gitignore" error="open .beads/.gitignore: no such file or directory"
time=2026-01-12T19:19:15.542-05:00 level=ERROR msg="repository fingerprint validation failed" error="\nLEGACY DATABASE DETECTED!\n\nThis database was created before version 0.17.5 and lacks a repository fingerprint.\nTo continue using this database, you must explicitly set its repository ID:\n\n  bd migrate --update-repo-id\n\nThis ensures the database is bound to this repository and prevents accidental\ndatabase sharing between different repositories.\n\nIf this is a fresh clone, run:\n  rm -rf .beads && bd init\n\nNote: Auto-claiming legacy databases is intentionally disabled to prevent\nsilent corruption when databases are copied between repositories.\n"
time=2026-01-12T19:22:59.397-05:00 level=INFO msg="Daemon started (interval: %v, auto-commit: %v, auto-push: %v)" !BADKEY=5s !BADKEY=false !BADKEY=false
time=2026-01-12T19:22:59.397-05:00 level=INFO msg="using database" path=/data/projects/meow-machine/.beads/beads.db
time=2026-01-12T19:22:59.425-05:00 level=INFO msg="database opened" path=/data/projects/meow-machine/.beads/beads.db freshness_checking=true
time=2026-01-12T19:22:59.425-05:00 level=INFO msg="upgrading .beads/.gitignore"
time=2026-01-12T19:22:59.425-05:00 level=WARN msg="failed to upgrade .gitignore" error="open .beads/.gitignore: no such file or directory"
time=2026-01-12T19:22:59.425-05:00 level=ERROR msg="repository fingerprint validation failed" error="\nLEGACY DATABASE DETECTED!\n\nThis database was created before version 0.17.5 and lacks a repository fingerprint.\nTo continue using this database, you must explicitly set its repository ID:\n\n  bd migrate --update-repo-id\n\nThis ensures the database is bound to this repository and prevents accidental\ndatabase sharing between different repositories.\n\nIf this is a fresh clone, run:\n  rm -rf .beads && bd init\n\nNote: Auto-claiming legacy databases is intentionally disabled to prevent\nsilent corruption when databases are copied between repositories.\n"
time=2026-01-12T19:23:16.408-05:00 level=INFO msg="Daemon started (interval: %v, auto-commit: %v, auto-push: %v)" !BADKEY=5s !BADKEY=false !BADKEY=false
time=2026-01-12T19:23:16.408-05:00 level=INFO msg="using database" path=/data/projects/meow-machine/.beads/beads.db
time=2026-01-12T19:23:16.435-05:00 level=INFO msg="database opened" path=/data/projects/meow-machine/.beads/beads.db freshness_checking=true
time=2026-01-12T19:23:16.435-05:00 level=INFO msg="upgrading .beads/.gitignore"
time=2026-01-12T19:23:16.435-05:00 level=WARN msg="failed to upgrade .gitignore" error="open .beads/.gitignore: no such file or directory"
time=2026-01-12T19:23:16.435-05:00 level=ERROR msg="repository fingerprint validation failed" error="\nLEGACY DATABASE DETECTED!\n\nThis database was created before version 0.17.5 and lacks a repository fingerprint.\nTo continue using this database, you must explicitly set its repository ID:\n\n  bd migrate --update-repo-id\n\nThis ensures the database is bound to this repository and prevents accidental\ndatabase sharing between different repositories.\n\nIf this is a fresh clone, run:\n  rm -rf .beads && bd init\n\nNote: Auto-claiming legacy databases is intentionally disabled to prevent\nsilent corruption when databases are copied between repositories.\n"
time=2026-01-12T19:23:27.623-05:00 level=INFO msg="Daemon started (interval: %v, auto-commit: %v, auto-push: %v)" !BADKEY=5s !BADKEY=false !BADKEY=false
time=2026-01-12T19:23:27.623-05:00 level=INFO msg="using database" path=/data/projects/meow-machine/.beads/beads.db
time=2026-01-12T19:23:27.650-05:00 level=INFO msg="database opened" path=/data/projects/meow-machine/.beads/beads.db freshness_checking=true
time=2026-01-12T19:23:27.650-05:00 level=INFO msg="upgrading .beads/.gitignore"
time=2026-01-12T19:23:27.650-05:00 level=WARN msg="failed to upgrade .gitignore" error="open .beads/.gitignore: no such file or directory"
time=2026-01-12T19:23:27.650-05:00 level=ERROR msg="repository fingerprint validation failed" error="\nLEGACY DATABASE DETECTED!\n\nThis database was created before version 0.17.5 and lacks a repository fingerprint.\nTo continue using this database, you must explicitly set its repository ID:\n\n  bd migrate --update-repo-id\n\nThis ensures the database is bound to this repository and prevents accidental\ndatabase sharing between different repositories.\n\nIf this is a fresh clone, run:\n  rm -rf .beads && bd init\n\nNote: Auto-claiming legacy databases is intentionally disabled to prevent\nsilent corruption when databases are copied between repositories.\n"
time=2026-01-12T21:37:48.773-05:00 level=INFO msg="Daemon started (interval: %v, auto-commit: %v, auto-push: %v)" !BADKEY=5s !BADKEY=false !BADKEY=false
time=2026-01-12T21:37:48.773-05:00 level=INFO msg="using database" path=/data/projects/meow-machine/.beads/beads.db
time=2026-01-12T21:37:48.801-05:00 level=INFO msg="database opened" path=/data/projects/meow-machine/.beads/beads.db freshness_checking=true
time=2026-01-12T21:37:48.801-05:00 level=INFO msg="upgrading .beads/.gitignore"
time=2026-01-12T21:37:48.801-05:00 level=WARN msg="failed to upgrade .gitignore" error="open .beads/.gitignore: no such file or directory"
time=2026-01-12T21:37:48.801-05:00 level=ERROR msg="repository fingerprint validation failed" error="\nLEGACY DATABASE DETECTED!\n\nThis database was created before version 0.17.5 and lacks a repository fingerprint.\nTo continue using this database, you must explicitly set its repository ID:\n\n  bd migrate --update-repo-id\n\nThis ensures the database is bound to this repository and prevents accidental\ndatabase sharing between different repositories.\n\nIf this is a fresh clone, run:\n  rm -rf .beads && bd init\n\nNote: Auto-claiming legacy databases is intentionally disabled to prevent\nsilent corruption when databases are copied between repositories.\n"
time=2026-01-12T21:37:49.256-05:00 level=INFO msg="Daemon started (interval: %v, auto-commit: %v, auto-push: %v)" !BADKEY=5s !BADKEY=false !BADKEY=false
time=2026-01-12T21:37:49.256-05:00 level=INFO msg="using database" path=/data/projects/meow-machine/.beads/beads.db
time=2026-01-12T21:37:49.294-05:00 level=INFO msg="database opened" path=/data/projects/meow-machine/.beads/beads.db freshness_checking=true
time=2026-01-12T21:37:49.294-05:00 level=INFO msg="upgrading .beads/.gitignore"
time=2026-01-12T21:37:49.294-05:00 level=WARN msg="failed to upgrade .gitignore" error="open .beads/.gitignore: no such file or directory"
time=2026-01-12T21:37:49.295-05:00 level=ERROR msg="repository fingerprint validation failed" error="\nLEGACY DATABASE DETECTED!\n\nThis database was created before version 0.17.5 and lacks a repository fingerprint.\nTo continue using this database, you must explicitly set its repository ID:\n\n  bd migrate --update-repo-id\n\nThis ensures the database is bound to this repository and prevents accidental\ndatabase sharing between different repositories.\n\nIf this is a fresh clone, run:\n  rm -rf .beads && bd init\n\nNote: Auto-claiming legacy databases is intentionally disabled to prevent\nsilent corruption when databases are copied between repositories.\n"
time=2026-01-12T21:37:50.099-05:00 level=INFO msg="Daemon started (interval: %v, auto-commit: %v, auto-push: %v)" !BADKEY=5s !BADKEY=false !BADKEY=false
time=2026-01-12T21:37:50.099-05:00 level=INFO msg="using database" path=/data/projects/meow-machine/.beads/beads.db
time=2026-01-12T21:37:50.126-05:00 level=INFO msg="database opened" path=/data/projects/meow-machine/.beads/beads.db freshness_checking=true
time=2026-01-12T21:37:50.126-05:00 level=INFO msg="upgrading .beads/.gitignore"
time=2026-01-12T21:37:50.126-05:00 level=WARN msg="failed to upgrade .gitignore" error="open .beads/.gitignore: no such file or directory"
time=2026-01-12T21:37:50.126-05:00 level=ERROR msg="repository fingerprint validation failed" error="\nLEGACY DATABASE DETECTED!\n\nThis database was created before version 0.17.5 and lacks a repository fingerprint.\nTo continue using this database, you must explicitly set its repository ID:\n\n  bd migrate --update-repo-id\n\nThis ensures the database is bound to this repository and prevents accidental\ndatabase sharing between different repositories.\n\nIf this is a fresh clone, run:\n  rm -rf .beads && bd init\n\nNote: Auto-claiming legacy databases is intentionally disabled to prevent\nsilent corruption when databases are copied between repositories.\n"
time=2026-01-12T21:41:46.435-05:00 level=INFO msg="Daemon started (interval: %v, auto-commit: %v, auto-push: %v)" !BADKEY=5s !BADKEY=false !BADKEY=false
time=2026-01-12T21:41:46.435-05:00 level=INFO msg="using database" path=/data/projects/meow-machine/.beads/beads.db
time=2026-01-12T21:41:46.464-05:00 level=INFO msg="database opened" path=/data/projects/meow-machine/.beads/beads.db freshness_checking=true
time=2026-01-12T21:41:46.464-05:00 level=INFO msg="upgrading .beads/.gitignore"
time=2026-01-12T21:41:46.464-05:00 level=WARN msg="failed to upgrade .gitignore" error="open .beads/.gitignore: no such file or directory"
time=2026-01-12T21:41:46.464-05:00 level=ERROR msg="repository fingerprint validation failed" error="\nLEGACY DATABASE DETECTED!\n\nThis database was created before version 0.17.5 and lacks a repository fingerprint.\nTo continue using this database, you must explicitly set its repository ID:\n\n  bd migrate --update-repo-id\n\nThis ensures the database is bound to this repository and prevents accidental\ndatabase sharing between different repositories.\n\nIf this is a fresh clone, run:\n  rm -rf .beads && bd init\n\nNote: Auto-claiming legacy databases is intentionally disabled to prevent\nsilent corruption when databases are copied between repositories.\n"
time=2026-01-12T21:42:11.458-05:00 level=INFO msg="Daemon started (interval: %v, auto-commit: %v, auto-push: %v)" !BADKEY=5s !BADKEY=false !BADKEY=false
time=2026-01-12T21:42:11.458-05:00 level=INFO msg="using database" path=/data/projects/meow-machine/.beads/beads.db
time=2026-01-12T21:42:11.486-05:00 level=INFO msg="database opened" path=/data/projects/meow-machine/.beads/beads.db freshness_checking=true
time=2026-01-12T21:42:11.486-05:00 level=INFO msg="upgrading .beads/.gitignore"
time=2026-01-12T21:42:11.486-05:00 level=WARN msg="failed to upgrade .gitignore" error="open .beads/.gitignore: no such file or directory"
time=2026-01-12T21:42:11.486-05:00 level=ERROR msg="repository fingerprint validation failed" error="\nLEGACY DATABASE DETECTED!\n\nThis database was created before version 0.17.5 and lacks a repository fingerprint.\nTo continue using this database, you must explicitly set its repository ID:\n\n  bd migrate --update-repo-id\n\nThis ensures the database is bound to this repository and prevents accidental\ndatabase sharing between different repositories.\n\nIf this is a fresh clone, run:\n  rm -rf .beads && bd init\n\nNote: Auto-claiming legacy databases is intentionally disabled to prevent\nsilent corruption when databases are copied between repositories.\n"
time=2026-01-12T21:43:01.428-05:00 level=INFO msg="Daemon started (interval: %v, auto-commit: %v, auto-push: %v)" !BADKEY=5s !BADKEY=false !BADKEY=false
time=2026-01-12T21:43:01.428-05:00 level=INFO msg="using database" path=/data/projects/meow-machine/.beads/beads.db
time=2026-01-12T21:43:01.453-05:00 level=INFO msg="database opened" path=/data/projects/meow-machine/.beads/beads.db freshness_checking=true
time=2026-01-12T21:43:01.453-05:00 level=INFO msg="upgrading .beads/.gitignore"
time=2026-01-12T21:43:01.453-05:00 level=WARN msg="failed to upgrade .gitignore" error="open .beads/.gitignore: no such file or directory"
time=2026-01-12T21:43:01.453-05:00 level=ERROR msg="repository fingerprint validation failed" error="\nLEGACY DATABASE DETECTED!\n\nThis database was created before version 0.17.5 and lacks a repository fingerprint.\nTo continue using this database, you must explicitly set its repository ID:\n\n  bd migrate --update-repo-id\n\nThis ensures the database is bound to this repository and prevents accidental\ndatabase sharing between different repositories.\n\nIf this is a fresh clone, run:\n  rm -rf .beads && bd init\n\nNote: Auto-claiming legacy databases is intentionally disabled to prevent\nsilent corruption when databases are copied between repositories.\n"
time=2026-01-13T01:23:28.974-05:00 level=INFO msg="Daemon started (interval: %v, auto-commit: %v, auto-push: %v)" !BADKEY=5s !BADKEY=false !BADKEY=false
time=2026-01-13T01:23:28.974-05:00 level=INFO msg="using database" path=/data/projects/meow-machine/.beads/beads.db
time=2026-01-13T01:23:29.005-05:00 level=INFO msg="database opened" path=/data/projects/meow-machine/.beads/beads.db freshness_checking=true
time=2026-01-13T01:23:29.005-05:00 level=INFO msg="upgrading .beads/.gitignore"
time=2026-01-13T01:23:29.005-05:00 level=WARN msg="failed to upgrade .gitignore" error="open .beads/.gitignore: no such file or directory"
time=2026-01-13T01:23:29.005-05:00 level=ERROR msg="repository fingerprint validation failed" error="\nLEGACY DATABASE DETECTED!\n\nThis database was created before version 0.17.5 and lacks a repository fingerprint.\nTo continue using this database, you must explicitly set its repository ID:\n\n  bd migrate --update-repo-id\n\nThis ensures the database is bound to this repository and prevents accidental\ndatabase sharing between different repositories.\n\nIf this is a fresh clone, run:\n  rm -rf .beads && bd init\n\nNote: Auto-claiming legacy databases is intentionally disabled to prevent\nsilent corruption when databases are copied between repositories.\n"
time=2026-01-13T01:23:34.911-05:00 level=INFO msg="Daemon started (interval: %v, auto-commit: %v, auto-push: %v)" !BADKEY=5s !BADKEY=false !BADKEY=false
time=2026-01-13T01:23:34.911-05:00 level=INFO msg="using database" path=/data/projects/meow-machine/.beads/beads.db
time=2026-01-13T01:23:34.937-05:00 level=INFO msg="database opened" path=/data/projects/meow-machine/.beads/beads.db freshness_checking=true
time=2026-01-13T01:23:34.937-05:00 level=INFO msg="upgrading .beads/.gitignore"
time=2026-01-13T01:23:34.937-05:00 level=WARN msg="failed to upgrade .gitignore" error="open .beads/.gitignore: no such file or directory"
time=2026-01-13T01:23:34.938-05:00 level=ERROR msg="repository fingerprint validation failed" error="\nLEGACY DATABASE DETECTED!\n\nThis database was created before version 0.17.5 and lacks a repository fingerprint.\nTo continue using this database, you must explicitly set its repository ID:\n\n  bd migrate --update-repo-id\n\nThis ensures the database is bound to this repository and prevents accidental\ndatabase sharing between different repositories.\n\nIf this is a fresh clone, run:\n  rm -rf .beads && bd init\n\nNote: Auto-claiming legacy databases is intentionally disabled to prevent\nsilent corruption when databases are copied between repositories.\n"
